TN:
SF:/Users/tomyo/git/text-bot-openwhisk/actions/getGeoLoc.js
FN:9,main
FN:10,(anonymous_2)
FN:47,(anonymous_3)
FN:60,(anonymous_4)
FN:67,(anonymous_5)
FNF:5
FNH:2
FNDA:2,main
FNDA:2,(anonymous_2)
FNDA:0,(anonymous_3)
FNDA:0,(anonymous_4)
FNDA:0,(anonymous_5)
DA:7,1
DA:9,1
DA:10,2
DA:11,2
DA:12,2
DA:13,1
DA:14,1
DA:15,1
DA:17,1
DA:18,1
DA:25,1
DA:27,0
DA:28,0
DA:29,0
DA:31,0
DA:48,0
DA:49,0
DA:50,0
DA:51,0
DA:53,0
DA:54,0
DA:57,0
DA:58,0
DA:60,0
DA:61,0
DA:67,0
DA:68,0
DA:73,0
DA:80,0
DA:81,0
DA:83,0
DA:84,0
DA:86,0
DA:87,0
DA:91,0
DA:92,0
DA:94,0
DA:100,1
LF:38
LH:12
BRDA:17,1,0,1
BRDA:17,1,1,0
BRDA:17,2,0,1
BRDA:17,2,1,1
BRDA:17,2,2,0
BRDA:18,3,0,0
BRDA:18,3,1,1
BRDA:29,4,0,0
BRDA:29,4,1,0
BRDA:73,5,0,0
BRDA:73,5,1,0
BRDA:83,6,0,0
BRDA:83,6,1,0
BRDA:86,7,0,0
BRDA:86,7,1,0
BRDA:91,8,0,0
BRDA:91,8,1,0
BRDA:91,9,0,0
BRDA:91,9,1,0
BRF:19
BRH:4
end_of_record
TN:
SF:/Users/tomyo/git/text-bot-openwhisk/actions/getWeather.js
FN:10,main
FN:11,(anonymous_2)
FN:56,(anonymous_3)
FNF:3
FNH:2
FNDA:2,main
FNDA:2,(anonymous_2)
FNDA:0,(anonymous_3)
DA:8,1
DA:10,1
DA:11,2
DA:12,2
DA:13,2
DA:14,1
DA:15,1
DA:16,1
DA:18,1
DA:19,1
DA:26,1
DA:28,0
DA:30,0
DA:31,0
DA:32,0
DA:34,0
DA:35,0
DA:37,0
DA:38,0
DA:39,0
DA:40,0
DA:41,0
DA:42,0
DA:57,0
DA:59,0
DA:60,0
DA:62,0
DA:63,0
DA:84,0
DA:98,0
DA:99,0
DA:101,0
DA:108,0
DA:109,0
DA:111,0
DA:118,1
LF:36
LH:12
BRDA:18,1,0,1
BRDA:18,1,1,0
BRDA:18,2,0,1
BRDA:18,2,1,1
BRDA:18,2,2,0
BRDA:19,3,0,0
BRDA:19,3,1,1
BRDA:32,4,0,0
BRDA:32,4,1,0
BRDA:41,5,0,0
BRDA:41,5,1,0
BRDA:62,6,0,0
BRDA:62,6,1,0
BRDA:98,7,0,0
BRDA:98,7,1,0
BRDA:98,8,0,0
BRDA:98,8,1,0
BRDA:101,9,0,0
BRDA:101,9,1,0
BRDA:108,10,0,0
BRDA:108,10,1,0
BRF:21
BRH:4
end_of_record
TN:
SF:/Users/tomyo/git/text-bot-openwhisk/actions/nlu.js
FN:12,main
FN:13,(anonymous_2)
FN:43,(anonymous_3)
FNF:3
FNH:3
FNDA:2,main
FNDA:2,(anonymous_2)
FNDA:1,(anonymous_3)
DA:8,1
DA:9,1
DA:10,1
DA:12,1
DA:13,2
DA:14,2
DA:15,2
DA:16,1
DA:17,1
DA:19,1
DA:21,1
DA:32,1
DA:33,1
DA:34,0
DA:35,0
DA:36,0
DA:37,0
DA:38,0
DA:43,1
DA:44,1
DA:51,1
DA:53,1
DA:54,0
DA:55,1
DA:56,0
DA:57,0
DA:59,0
DA:62,0
DA:63,1
DA:64,0
DA:67,0
DA:69,0
DA:75,0
DA:76,0
DA:77,1
DA:78,0
DA:80,0
DA:82,0
DA:83,0
DA:84,0
DA:85,0
DA:86,0
DA:89,0
DA:90,0
DA:91,0
DA:93,1
DA:99,1
DA:101,1
DA:106,1
LF:49
LH:24
BRDA:17,1,0,1
BRDA:17,1,1,1
BRDA:33,2,0,0
BRDA:33,2,1,1
BRDA:33,3,0,1
BRDA:33,3,1,0
BRDA:36,4,0,0
BRDA:36,4,1,0
BRDA:44,5,0,0
BRDA:44,5,1,1
BRDA:53,6,0,0
BRDA:53,6,1,1
BRDA:53,7,0,1
BRDA:53,7,1,0
BRDA:55,8,0,0
BRDA:55,8,1,1
BRDA:59,9,0,0
BRDA:59,9,1,0
BRDA:63,10,0,0
BRDA:63,10,1,1
BRDA:63,11,0,1
BRDA:63,11,1,0
BRDA:63,11,2,1
BRDA:63,11,3,0
BRDA:63,11,4,1
BRDA:63,11,5,0
BRDA:64,12,0,0
BRDA:64,12,1,0
BRDA:77,13,0,0
BRDA:77,13,1,1
BRDA:77,14,0,1
BRDA:77,14,1,0
BRDA:77,14,2,0
BRDA:82,15,0,0
BRDA:82,15,1,0
BRDA:82,16,0,0
BRDA:82,16,1,0
BRF:37
BRH:14
end_of_record
TN:
SF:/Users/tomyo/git/text-bot-openwhisk/actions/watson-assistant.js
FN:13,main
FN:14,(anonymous_2)
FN:42,(anonymous_3)
FNF:3
FNH:3
FNDA:2,main
FNDA:2,(anonymous_2)
FNDA:1,(anonymous_3)
DA:9,1
DA:10,1
DA:11,1
DA:13,1
DA:14,2
DA:15,2
DA:16,2
DA:17,1
DA:18,1
DA:20,1
DA:27,1
DA:29,1
DA:30,1
DA:31,1
DA:32,1
DA:33,1
DA:34,1
DA:35,1
DA:38,1
DA:43,1
DA:44,0
DA:47,1
DA:51,1
DA:52,0
DA:53,0
DA:55,1
DA:60,1
LF:27
LH:24
BRDA:18,1,0,1
BRDA:18,1,1,1
BRDA:27,2,0,0
BRDA:27,2,1,1
BRDA:27,3,0,1
BRDA:27,3,1,1
BRDA:29,4,0,1
BRDA:29,4,1,0
BRDA:43,5,0,0
BRDA:43,5,1,1
BRDA:51,6,0,0
BRDA:51,6,1,1
BRF:12
BRH:8
end_of_record
TN:
SF:/Users/tomyo/git/text-bot-openwhisk/actions/watson-assistant-weather.js
FN:10,main
FN:11,(anonymous_2)
FN:34,(anonymous_3)
FNF:3
FNH:3
FNDA:2,main
FNDA:2,(anonymous_2)
FNDA:1,(anonymous_3)
DA:7,1
DA:8,1
DA:10,1
DA:11,2
DA:12,2
DA:13,2
DA:14,1
DA:15,1
DA:17,1
DA:19,1
DA:20,0
DA:21,0
DA:23,1
DA:30,1
DA:35,1
DA:36,0
DA:38,1
DA:39,1
DA:40,1
DA:46,1
LF:20
LH:17
BRDA:15,1,0,1
BRDA:15,1,1,1
BRDA:17,2,0,1
BRDA:17,2,1,0
BRDA:17,3,0,1
BRDA:17,3,1,1
BRDA:19,4,0,0
BRDA:19,4,1,1
BRDA:19,5,0,1
BRDA:19,5,1,0
BRDA:20,6,0,0
BRDA:20,6,1,0
BRDA:35,7,0,0
BRDA:35,7,1,1
BRDA:38,8,0,0
BRDA:38,8,1,1
BRF:16
BRH:9
end_of_record
